TN:
SF:02-ratelimitter.js
FNF:0
FNH:0
DA:1,1
DA:2,1
DA:3,1
DA:4,1
DA:5,1
DA:6,1
DA:7,1
DA:8,1
DA:9,1
DA:10,1
DA:11,1
DA:12,1
DA:13,1
DA:14,1
DA:15,1
DA:16,1
DA:17,2
DA:18,1
DA:19,1
DA:20,1
DA:21,13
DA:22,13
DA:23,0
DA:24,0
DA:25,13
DA:26,13
DA:27,2
DA:28,2
DA:29,13
DA:30,13
DA:31,7
DA:32,7
DA:33,13
DA:34,13
DA:35,13
DA:36,1
DA:37,1
DA:38,13
DA:39,1
DA:40,1
DA:41,1
DA:42,0
DA:43,0
DA:44,1
DA:45,1
DA:46,1
LF:46
LH:42
BRDA:16,0,0,2
BRDA:20,1,0,13
BRDA:22,2,0,0
BRDA:26,3,0,2
BRDA:30,4,0,7
BRDA:37,5,0,13
BRF:6
BRH:5
end_of_record
